<?xml version="1.0" encoding="UTF-8"?>
<!-- Generated by org.testng.reporters.JUnitXMLReporter -->
<testsuite ignored="5" hostname="DESKTOP-757EIR7" failures="0" tests="1" name="Default test" time="44.497" errors="0" timestamp="2024-09-20T16:35:49 IST">
  <testcase classname="testCasePack.LoginTest" name="loginTestVerifyOTPWithNulldataOTP" time="30.775"/>
  <testcase classname="testCasePack.LoginTest" name="loginTestVerifyOTPWithExpiredOTP" time="0.0">
    <ignored/>
  </testcase> <!-- loginTestVerifyOTPWithExpiredOTP -->
  <testcase classname="testCasePack.LoginTest" name="loginTestVerifyOTPWithInvalidOTP" time="0.0">
    <ignored/>
  </testcase> <!-- loginTestVerifyOTPWithInvalidOTP -->
  <testcase classname="testCasePack.LoginTest" name="loginTestPositive" time="0.0">
    <ignored/>
  </testcase> <!-- loginTestPositive -->
  <testcase classname="testCasePack.LoginTest" name="loginTestInvalidEmail" time="0.0">
    <ignored/>
  </testcase> <!-- loginTestInvalidEmail -->
  <testcase classname="testCasePack.LoginTest" name="loginTestNullEmailTextField" time="0.0">
    <ignored/>
  </testcase> <!-- loginTestNullEmailTextField -->
</testsuite> <!-- Default test -->
