<?xml version="1.0" encoding="UTF-8"?>
<!-- Generated by org.testng.reporters.JUnitXMLReporter -->
<testsuite ignored="9" hostname="DESKTOP-757EIR7" failures="0" tests="1" name="Test" time="184.238" errors="0" timestamp="2024-09-24T16:03:41 IST">
  <testcase classname="testCasePack.LoginTest" name="loginTestPositive" time="89.577"/>
  <testcase classname="testCasePack.LoginTest" name="mobileVerifyOTPWithExpiredOTP" time="0.0">
    <ignored/>
  </testcase> <!-- mobileVerifyOTPWithExpiredOTP -->
  <testcase classname="testCasePack.LoginTest" name="loginTestVerifyOTPWithExpiredOTP" time="0.0">
    <ignored/>
  </testcase> <!-- loginTestVerifyOTPWithExpiredOTP -->
  <testcase classname="testCasePack.LoginTest" name="loginTestVerifyOTPWithInvalidOTP" time="0.0">
    <ignored/>
  </testcase> <!-- loginTestVerifyOTPWithInvalidOTP -->
  <testcase classname="testCasePack.LoginTest" name="loginTestVerifyOTPWithNulldataOTP" time="0.0">
    <ignored/>
  </testcase> <!-- loginTestVerifyOTPWithNulldataOTP -->
  <testcase classname="testCasePack.LoginTest" name="mobileNumOTPFieldInvalidData" time="0.0">
    <ignored/>
  </testcase> <!-- mobileNumOTPFieldInvalidData -->
  <testcase classname="testCasePack.LoginTest" name="mobileNumOTPFieldValidData" time="0.0">
    <ignored/>
  </testcase> <!-- mobileNumOTPFieldValidData -->
  <testcase classname="testCasePack.LoginTest" name="mobileNumOTPFieldNullData" time="0.0">
    <ignored/>
  </testcase> <!-- mobileNumOTPFieldNullData -->
  <testcase classname="testCasePack.LoginTest" name="loginTestInvalidEmail" time="0.0">
    <ignored/>
  </testcase> <!-- loginTestInvalidEmail -->
  <testcase classname="testCasePack.LoginTest" name="loginTestNullEmailTextField" time="0.0">
    <ignored/>
  </testcase> <!-- loginTestNullEmailTextField -->
</testsuite> <!-- Test -->
