<?xml version="1.0" encoding="UTF-8"?>
<testng-results ignored="5" total="6" passed="1" failed="0" skipped="0">
  <reporter-output>
  </reporter-output>
  <suite started-at="2024-09-20T16:35:04 IST" name="Default suite" finished-at="2024-09-20T16:35:49 IST" duration-ms="44497">
    <groups>
    </groups>
    <test started-at="2024-09-20T16:35:04 IST" name="Default test" finished-at="2024-09-20T16:35:49 IST" duration-ms="44497">
      <class name="testCasePack.LoginTest">
        <test-method is-config="true" signature="launchBrowser()[pri:0, instance:testCasePack.LoginTest@3bb9a3ff]" started-at="2024-09-20T16:35:04 IST" name="launchBrowser" finished-at="2024-09-20T16:35:12 IST" duration-ms="8371" status="PASS">
          <reporter-output>
          </reporter-output>
        </test-method> <!-- launchBrowser -->
        <test-method signature="loginTestVerifyOTPWithNulldataOTP()[pri:0, instance:testCasePack.LoginTest@3bb9a3ff]" started-at="2024-09-20T16:35:12 IST" name="loginTestVerifyOTPWithNulldataOTP" finished-at="2024-09-20T16:35:43 IST" duration-ms="30775" status="PASS">
          <reporter-output>
          </reporter-output>
        </test-method> <!-- loginTestVerifyOTPWithNulldataOTP -->
        <test-method is-config="true" signature="closeBrowser()[pri:0, instance:testCasePack.LoginTest@3bb9a3ff]" started-at="2024-09-20T16:35:43 IST" name="closeBrowser" finished-at="2024-09-20T16:35:49 IST" duration-ms="5297" status="PASS">
          <reporter-output>
          </reporter-output>
        </test-method> <!-- closeBrowser -->
      </class> <!-- testCasePack.LoginTest -->
    </test> <!-- Default test -->
  </suite> <!-- Default suite -->
</testng-results>
