<?xml version="1.0" encoding="UTF-8"?>
<testng-results ignored="9" total="10" passed="1" failed="0" skipped="0">
  <reporter-output>
  </reporter-output>
  <suite started-at="2024-09-24T16:00:37 IST" name="Suite" finished-at="2024-09-24T16:03:41 IST" duration-ms="184238">
    <groups>
    </groups>
    <test started-at="2024-09-24T16:00:37 IST" name="Test" finished-at="2024-09-24T16:03:41 IST" duration-ms="184238">
      <class name="testCasePack.LoginTest">
        <test-method is-config="true" signature="launchBrowser()[pri:0, instance:testCasePack.LoginTest@5ffead27]" started-at="2024-09-24T16:00:37 IST" name="launchBrowser" finished-at="2024-09-24T16:02:06 IST" duration-ms="89316" status="PASS">
          <reporter-output>
          </reporter-output>
        </test-method> <!-- launchBrowser -->
        <test-method signature="loginTestPositive()[pri:0, instance:testCasePack.LoginTest@5ffead27]" started-at="2024-09-24T16:02:06 IST" name="loginTestPositive" finished-at="2024-09-24T16:03:36 IST" duration-ms="89577" status="PASS">
          <reporter-output>
          </reporter-output>
        </test-method> <!-- loginTestPositive -->
        <test-method is-config="true" signature="closeBrowser()[pri:0, instance:testCasePack.LoginTest@5ffead27]" started-at="2024-09-24T16:03:36 IST" name="closeBrowser" finished-at="2024-09-24T16:03:41 IST" duration-ms="5294" status="PASS">
          <reporter-output>
          </reporter-output>
        </test-method> <!-- closeBrowser -->
      </class> <!-- testCasePack.LoginTest -->
    </test> <!-- Test -->
  </suite> <!-- Suite -->
</testng-results>
